#
# A fatal error has been detected by the Java Runtime Environment:
#
#  EXCEPTION_ACCESS_VIOLATION (0xc0000005) at pc=0x0000000061bd5c34, pid=5992, tid=2056
#
# JRE version: Java(TM) SE Runtime Environment (9.0+11) (build 9.0.4+11)
# Java VM: Java HotSpot(TM) 64-Bit Server VM (9.0.4+11, mixed mode, tiered, compressed oops, g1 gc, windows-amd64)
# Problematic frame:
# V  [jvm.dll+0x335c34]
#
# No core dump will be written. Minidumps are not enabled by default on client versions of Windows
#
# If you would like to submit a bug report, please visit:
#   http://bugreport.java.com/bugreport/crash.jsp
#

---------------  S U M M A R Y ------------

Command Line: -agentlib:jdwp=transport=dt_socket,address=127.0.0.1:49259,suspend=y,server=n -Dfile.encoding=UTF-8 Main

Host: Intel(R) Core(TM) i3-2310M CPU @ 2.10GHz, 4 cores, 3G,  Windows 7 , 64 bit Build 7601 (6.1.7601.17514)
Time: Fri Feb 09 19:20:42 2018 ?rodkowoeuropejski czas stand. elapsed time: 1548 seconds (0d 0h 25m 48s)

---------------  T H R E A D  ---------------

Current thread (0x0000000000418000):  JavaThread "main" [_thread_in_vm, id=2056, stack(0x00000000021a0000,0x00000000022a0000)]

Stack: [0x00000000021a0000,0x00000000022a0000],  sp=0x000000000229f4d0,  free space=1021k
Native frames: (J=compiled Java code, j=interpreted, Vv=VM code, C=native code)
V  [jvm.dll+0x335c34]
C  0x000000000cbf4585

Java frames: (J=compiled Java code, j=interpreted, Vv=VM code)
j  Main.main([Ljava/lang/String;)V+437
v  ~StubRoutines::call_stub

siginfo: EXCEPTION_ACCESS_VIOLATION (0xc0000005), reading address 0xffffffffffffffff


Register to memory mapping:

RIP=0x0000000061bd5c34 jvm.dll
RAX=0x00000000040a0030 is an unknown value
RBX=0x0000000000418000 is a thread
RCX=0x00000000040a0030 is an unknown value
RDX=0x0000000021ecc701 is an unknown value
RSP=0x000000000229f4d0 is pointing into the stack for thread: 0x0000000000418000
RBP=0x000000000229f580 is pointing into the stack for thread: 0x0000000000418000
RSI=0x0000000000200020 is an unknown value
RDI=0x00000000040a0030 is an unknown value
R8 =0x0000000000418000 is a thread
R9 =0x4e4f520300015241 is an unknown value
R10=0x00000000222d00f0 is pointing into metadata
R11=0x000000000229f340 is pointing into the stack for thread: 0x0000000000418000
R12=0x0000000000000000 is an unknown value
R13=0x00000000222d09d5 is pointing into metadata
R14=0x000000000229f640 is pointing into the stack for thread: 0x0000000000418000
R15=0x0000000000418000 is a thread


Registers:
RAX=0x00000000040a0030, RBX=0x0000000000418000, RCX=0x00000000040a0030, RDX=0x0000000021ecc701
RSP=0x000000000229f4d0, RBP=0x000000000229f580, RSI=0x0000000000200020, RDI=0x00000000040a0030
R8 =0x0000000000418000, R9 =0x4e4f520300015241, R10=0x00000000222d00f0, R11=0x000000000229f340
R12=0x0000000000000000, R13=0x00000000222d09d5, R14=0x000000000229f640, R15=0x0000000000418000
RIP=0x0000000061bd5c34, EFLAGS=0x0000000000010246

Top of Stack: (sp=0x000000000229f4d0)
0x000000000229f4d0:   0000000000418000 000000000229f580
0x000000000229f4e0:   0000000000200020 000000000229f420
0x000000000229f4f0:   000000000cbcb657 000000000cbf4585
0x000000000229f500:   0000000000418000 00000000000000bb
0x000000000229f510:   0000000000200020 000000000000002b
0x000000000229f520:   0000000000200020 000000000cbf454d
0x000000000229f530:   00000000c42381f0 000000000229f538
0x000000000229f540:   00000000222d09d5 000000000229f640
0x000000000229f550:   00000000222d0c20 0000000000000000
0x000000000229f560:   00000000c4234fc0 00000000222d0bb8
0x000000000229f570:   0000000000000000 000000000229f640
0x000000000229f580:   000000000229f820 000000000cbc0cfa
0x000000000229f590:   0000000000000000 0000000000000000
0x000000000229f5a0:   0000000000000000 0000000000000000
0x000000000229f5b0:   0000000000000000 00000000c42d63a8
0x000000000229f5c0:   00000000c42d6350 00000000c42d62f0 

Instructions: (pc=0x0000000061bd5c34)
0x0000000061bd5c14:   c1 8b d0 49 8b c9 e8 f1 97 e2 ff 48 83 7b 08 00
0x0000000061bd5c24:   48 8b f8 75 49 4c 8b 08 4c 8b c3 b2 01 48 8b c8
0x0000000061bd5c34:   41 ff 91 80 00 00 00 48 83 7b 08 00 75 30 4c 8b
0x0000000061bd5c44:   07 48 8b d3 48 8b cf 41 ff 90 98 00 00 00 48 83 



---------------  P R O C E S S  ---------------

Java Threads: ( => current thread )
  0x000000002389c000 JavaThread "Service Thread" daemon [_thread_blocked, id=4296, stack(0x0000000024040000,0x0000000024140000)]
  0x0000000023885000 JavaThread "JDWP Event Helper Thread" daemon [_thread_blocked, id=6120, stack(0x0000000023c40000,0x0000000023d40000)]
  0x00000000227be800 JavaThread "Common-Cleaner" daemon [_thread_blocked, id=6972, stack(0x0000000023670000,0x0000000023770000)]
  0x00000000227a2800 JavaThread "Sweeper thread" daemon [_thread_blocked, id=1472, stack(0x00000000228e0000,0x00000000229e0000)]
  0x00000000227a0800 JavaThread "C1 CompilerThread2" daemon [_thread_blocked, id=3892, stack(0x0000000023550000,0x0000000023650000)]
  0x000000002279d000 JavaThread "C2 CompilerThread1" daemon [_thread_blocked, id=3584, stack(0x00000000233e0000,0x00000000234e0000)]
  0x0000000022798000 JavaThread "C2 CompilerThread0" daemon [_thread_blocked, id=5540, stack(0x0000000023210000,0x0000000023310000)]
  0x0000000022795000 JavaThread "Attach Listener" daemon [_thread_blocked, id=5800, stack(0x0000000022b50000,0x0000000022c50000)]
  0x0000000022792000 JavaThread "Signal Dispatcher" daemon [_thread_blocked, id=6880, stack(0x0000000022fc0000,0x00000000230c0000)]
  0x0000000021ecd000 JavaThread "Finalizer" daemon [_thread_blocked, id=5504, stack(0x0000000022de0000,0x0000000022ee0000)]
  0x0000000021ecb800 JavaThread "Reference Handler" daemon [_thread_blocked, id=7108, stack(0x0000000022ca0000,0x0000000022da0000)]
=>0x0000000000418000 JavaThread "main" [_thread_in_vm, id=2056, stack(0x00000000021a0000,0x00000000022a0000)]

Other Threads:
  0x0000000021ec5800 VMThread "VM Thread" [stack: 0x0000000022a40000,0x0000000022b40000] [id=4732]
  0x00000000238ab800 WatcherThread [stack: 0x0000000023d60000,0x0000000023e60000] [id=5788]
  0x000000000042f000 GCTaskThread "GC Thread#0" [stack: 0x000000001bdf0000,0x000000001bef0000] [id=6132]
  0x0000000000430800 GCTaskThread "GC Thread#1" [stack: 0x000000001c030000,0x000000001c130000] [id=3956]
  0x0000000000432000 GCTaskThread "GC Thread#2" [stack: 0x000000001bef0000,0x000000001bff0000] [id=6020]
  0x0000000000436800 GCTaskThread "GC Thread#3" [stack: 0x000000001c210000,0x000000001c310000] [id=5212]
  0x0000000000479800 ConcurrentGCThread "G1 Main Marker" [stack: 0x000000001f7f0000,0x000000001f8f0000] [id=4344]
  0x000000000047b000 ConcurrentGCThread "G1 Marker#0" [stack: 0x000000001f9a0000,0x000000001faa0000] [id=1152]
  0x000000000043f000 ConcurrentGCThread "G1 Refine#0" [stack: 0x000000001cc30000,0x000000001cd30000] [id=5164]
  0x000000000043e000 ConcurrentGCThread "G1 Refine#1" [stack: 0x000000001caa0000,0x000000001cba0000] [id=5968]
  0x000000000043c000 ConcurrentGCThread "G1 Refine#2" [stack: 0x000000001c8e0000,0x000000001c9e0000] [id=6092]
  0x0000000000439000 ConcurrentGCThread "G1 Refine#3" [stack: 0x000000001c720000,0x000000001c820000] [id=3864]
  0x0000000000441000 ConcurrentGCThread "G1 Young RemSet Sampling" [stack: 0x000000001cde0000,0x000000001cee0000] [id=6380]

Threads with active compile tasks:

VM state:not at safepoint (normal execution)

VM Mutex/Monitor currently owned by a thread: None

Heap address: 0x00000000c0400000, size: 1020 MB, Compressed Oops mode: 32-bit
Narrow klass base: 0x0000000000000000, Narrow klass shift: 0
Compressed class space size: 1073741824 Address: 0x000000007fff0000

Heap:
 garbage-first heap   total 65536K, used 1024K [0x00000000c0400000, 0x00000000c0500200, 0x0000000100000000)
  region size 1024K, 2 young (2048K), 0 survivors (0K)
 Metaspace       used 5546K, capacity 5620K, committed 5632K, reserved 1056768K
  class space    used 479K, capacity 510K, committed 512K, reserved 1048576K
Heap Regions: E=young(eden), S=young(survivor), O=old, HS=humongous(starts), HC=humongous(continues), CS=collection set, F=free, A=archive, TS=gc time stamp, AC=allocation context, TAMS=top-at-mark-start (previous, next)
|   0|0x00000000c0400000, 0x00000000c0400000, 0x00000000c0500000|  0%| F|  |TS  0|AC  0|TAMS 0x00000000c0400000, 0x00000000c0400000|
|   1|0x00000000c0500000, 0x00000000c0500000, 0x00000000c0600000|  0%| F|  |TS  0|AC  0|TAMS 0x00000000c0500000, 0x00000000c0500000|
|   2|0x00000000c0600000, 0x00000000c0600000, 0x00000000c0700000|  0%| F|  |TS  0|AC  0|TAMS 0x00000000c0600000, 0x00000000c0600000|
|   3|0x00000000c0700000, 0x00000000c0700000, 0x00000000c0800000|  0%| F|  |TS  0|AC  0|TAMS 0x00000000c0700000, 0x00000000c0700000|
|   4|0x00000000c0800000, 0x00000000c0800000, 0x00000000c0900000|  0%| F|  |TS  0|AC  0|TAMS 0x00000000c0800000, 0x00000000c0800000|
|   5|0x00000000c0900000, 0x00000000c0900000, 0x00000000c0a00000|  0%| F|  |TS  0|AC  0|TAMS 0x00000000c0900000, 0x00000000c0900000|
|   6|0x00000000c0a00000, 0x00000000c0a00000, 0x00000000c0b00000|  0%| F|  |TS  0|AC  0|TAMS 0x00000000c0a00000, 0x00000000c0a00000|
|   7|0x00000000c0b00000, 0x00000000c0b00000, 0x00000000c0c00000|  0%| F|  |TS  0|AC  0|TAMS 0x00000000c0b00000, 0x00000000c0b00000|
|   8|0x00000000c0c00000, 0x00000000c0c00000, 0x00000000c0d00000|  0%| F|  |TS  0|AC  0|TAMS 0x00000000c0c00000, 0x00000000c0c00000|
|   9|0x00000000c0d00000, 0x00000000c0d00000, 0x00000000c0e00000|  0%| F|  |TS  0|AC  0|TAMS 0x00000000c0d00000, 0x00000000c0d00000|
|  10|0x00000000c0e00000, 0x00000000c0e00000, 0x00000000c0f00000|  0%| F|  |TS  0|AC  0|TAMS 0x00000000c0e00000, 0x00000000c0e00000|
|  11|0x00000000c0f00000, 0x00000000c0f00000, 0x00000000c1000000|  0%| F|  |TS  0|AC  0|TAMS 0x00000000c0f00000, 0x00000000c0f00000|
|  12|0x00000000c1000000, 0x00000000c1000000, 0x00000000c1100000|  0%| F|  |TS  0|AC  0|TAMS 0x00000000c1000000, 0x00000000c1000000|
|  13|0x00000000c1100000, 0x00000000c1100000, 0x00000000c1200000|  0%| F|  |TS  0|AC  0|TAMS 0x00000000c1100000, 0x00000000c1100000|
|  14|0x00000000c1200000, 0x00000000c1200000, 0x00000000c1300000|  0%| F|  |TS  0|AC  0|TAMS 0x00000000c1200000, 0x00000000c1200000|
|  15|0x00000000c1300000, 0x00000000c1300000, 0x00000000c1400000|  0%| F|  |TS  0|AC  0|TAMS 0x00000000c1300000, 0x00000000c1300000|
|  16|0x00000000c1400000, 0x00000000c1400000, 0x00000000c1500000|  0%| F|  |TS  0|AC  0|TAMS 0x00000000c1400000, 0x00000000c1400000|
|  17|0x00000000c1500000, 0x00000000c1500000, 0x00000000c1600000|  0%| F|  |TS  0|AC  0|TAMS 0x00000000c1500000, 0x00000000c1500000|
|  18|0x00000000c1600000, 0x00000000c1600000, 0x00000000c1700000|  0%| F|  |TS  0|AC  0|TAMS 0x00000000c1600000, 0x00000000c1600000|
|  19|0x00000000c1700000, 0x00000000c1700000, 0x00000000c1800000|  0%| F|  |TS  0|AC  0|TAMS 0x00000000c1700000, 0x00000000c1700000|
|  20|0x00000000c1800000, 0x00000000c1800000, 0x00000000c1900000|  0%| F|  |TS  0|AC  0|TAMS 0x00000000c1800000, 0x00000000c1800000|
|  21|0x00000000c1900000, 0x00000000c1900000, 0x00000000c1a00000|  0%| F|  |TS  0|AC  0|TAMS 0x00000000c1900000, 0x00000000c1900000|
|  22|0x00000000c1a00000, 0x00000000c1a00000, 0x00000000c1b00000|  0%| F|  |TS  0|AC  0|TAMS 0x00000000c1a00000, 0x00000000c1a00000|
|  23|0x00000000c1b00000, 0x00000000c1b00000, 0x00000000c1c00000|  0%| F|  |TS  0|AC  0|TAMS 0x00000000c1b00000, 0x00000000c1b00000|
|  24|0x00000000c1c00000, 0x00000000c1c00000, 0x00000000c1d00000|  0%| F|  |TS  0|AC  0|TAMS 0x00000000c1c00000, 0x00000000c1c00000|
|  25|0x00000000c1d00000, 0x00000000c1d00000, 0x00000000c1e00000|  0%| F|  |TS  0|AC  0|TAMS 0x00000000c1d00000, 0x00000000c1d00000|
|  26|0x00000000c1e00000, 0x00000000c1e00000, 0x00000000c1f00000|  0%| F|  |TS  0|AC  0|TAMS 0x00000000c1e00000, 0x00000000c1e00000|
|  27|0x00000000c1f00000, 0x00000000c1f00000, 0x00000000c2000000|  0%| F|  |TS  0|AC  0|TAMS 0x00000000c1f00000, 0x00000000c1f00000|
|  28|0x00000000c2000000, 0x00000000c2000000, 0x00000000c2100000|  0%| F|  |TS  0|AC  0|TAMS 0x00000000c2000000, 0x00000000c2000000|
|  29|0x00000000c2100000, 0x00000000c2100000, 0x00000000c2200000|  0%| F|  |TS  0|AC  0|TAMS 0x00000000c2100000, 0x00000000c2100000|
|  30|0x00000000c2200000, 0x00000000c2200000, 0x00000000c2300000|  0%| F|  |TS  0|AC  0|TAMS 0x00000000c2200000, 0x00000000c2200000|
|  31|0x00000000c2300000, 0x00000000c2300000, 0x00000000c2400000|  0%| F|  |TS  0|AC  0|TAMS 0x00000000c2300000, 0x00000000c2300000|
|  32|0x00000000c2400000, 0x00000000c2400000, 0x00000000c2500000|  0%| F|  |TS  0|AC  0|TAMS 0x00000000c2400000, 0x00000000c2400000|
|  33|0x00000000c2500000, 0x00000000c2500000, 0x00000000c2600000|  0%| F|  |TS  0|AC  0|TAMS 0x00000000c2500000, 0x00000000c2500000|
|  34|0x00000000c2600000, 0x00000000c2600000, 0x00000000c2700000|  0%| F|  |TS  0|AC  0|TAMS 0x00000000c2600000, 0x00000000c2600000|
|  35|0x00000000c2700000, 0x00000000c2700000, 0x00000000c2800000|  0%| F|  |TS  0|AC  0|TAMS 0x00000000c2700000, 0x00000000c2700000|
|  36|0x00000000c2800000, 0x00000000c2800000, 0x00000000c2900000|  0%| F|  |TS  0|AC  0|TAMS 0x00000000c2800000, 0x00000000c2800000|
|  37|0x00000000c2900000, 0x00000000c2900000, 0x00000000c2a00000|  0%| F|  |TS  0|AC  0|TAMS 0x00000000c2900000, 0x00000000c2900000|
|  38|0x00000000c2a00000, 0x00000000c2a00000, 0x00000000c2b00000|  0%| F|  |TS  0|AC  0|TAMS 0x00000000c2a00000, 0x00000000c2a00000|
|  39|0x00000000c2b00000, 0x00000000c2b00000, 0x00000000c2c00000|  0%| F|  |TS  0|AC  0|TAMS 0x00000000c2b00000, 0x00000000c2b00000|
|  40|0x00000000c2c00000, 0x00000000c2c00000, 0x00000000c2d00000|  0%| F|  |TS  0|AC  0|TAMS 0x00000000c2c00000, 0x00000000c2c00000|
|  41|0x00000000c2d00000, 0x00000000c2d00000, 0x00000000c2e00000|  0%| F|  |TS  0|AC  0|TAMS 0x00000000c2d00000, 0x00000000c2d00000|
|  42|0x00000000c2e00000, 0x00000000c2e00000, 0x00000000c2f00000|  0%| F|  |TS  0|AC  0|TAMS 0x00000000c2e00000, 0x00000000c2e00000|
|  43|0x00000000c2f00000, 0x00000000c2f00000, 0x00000000c3000000|  0%| F|  |TS  0|AC  0|TAMS 0x00000000c2f00000, 0x00000000c2f00000|
|  44|0x00000000c3000000, 0x00000000c3000000, 0x00000000c3100000|  0%| F|  |TS  0|AC  0|TAMS 0x00000000c3000000, 0x00000000c3000000|
|  45|0x00000000c3100000, 0x00000000c3100000, 0x00000000c3200000|  0%| F|  |TS  0|AC  0|TAMS 0x00000000c3100000, 0x00000000c3100000|
|  46|0x00000000c3200000, 0x00000000c3200000, 0x00000000c3300000|  0%| F|  |TS  0|AC  0|TAMS 0x00000000c3200000, 0x00000000c3200000|
|  47|0x00000000c3300000, 0x00000000c3300000, 0x00000000c3400000|  0%| F|  |TS  0|AC  0|TAMS 0x00000000c3300000, 0x00000000c3300000|
|  48|0x00000000c3400000, 0x00000000c3400000, 0x00000000c3500000|  0%| F|  |TS  0|AC  0|TAMS 0x00000000c3400000, 0x00000000c3400000|
|  49|0x00000000c3500000, 0x00000000c3500000, 0x00000000c3600000|  0%| F|  |TS  0|AC  0|TAMS 0x00000000c3500000, 0x00000000c3500000|
|  50|0x00000000c3600000, 0x00000000c3600000, 0x00000000c3700000|  0%| F|  |TS  0|AC  0|TAMS 0x00000000c3600000, 0x00000000c3600000|
|  51|0x00000000c3700000, 0x00000000c3700000, 0x00000000c3800000|  0%| F|  |TS  0|AC  0|TAMS 0x00000000c3700000, 0x00000000c3700000|
|  52|0x00000000c3800000, 0x00000000c3800000, 0x00000000c3900000|  0%| F|  |TS  0|AC  0|TAMS 0x00000000c3800000, 0x00000000c3800000|
|  53|0x00000000c3900000, 0x00000000c3900000, 0x00000000c3a00000|  0%| F|  |TS  0|AC  0|TAMS 0x00000000c3900000, 0x00000000c3900000|
|  54|0x00000000c3a00000, 0x00000000c3a00000, 0x00000000c3b00000|  0%| F|  |TS  0|AC  0|TAMS 0x00000000c3a00000, 0x00000000c3a00000|
|  55|0x00000000c3b00000, 0x00000000c3b00000, 0x00000000c3c00000|  0%| F|  |TS  0|AC  0|TAMS 0x00000000c3b00000, 0x00000000c3b00000|
|  56|0x00000000c3c00000, 0x00000000c3c00000, 0x00000000c3d00000|  0%| F|  |TS  0|AC  0|TAMS 0x00000000c3c00000, 0x00000000c3c00000|
|  57|0x00000000c3d00000, 0x00000000c3d00000, 0x00000000c3e00000|  0%| F|  |TS  0|AC  0|TAMS 0x00000000c3d00000, 0x00000000c3d00000|
|  58|0x00000000c3e00000, 0x00000000c3e00000, 0x00000000c3f00000|  0%| F|  |TS  0|AC  0|TAMS 0x00000000c3e00000, 0x00000000c3e00000|
|  59|0x00000000c3f00000, 0x00000000c3f00000, 0x00000000c4000000|  0%| F|  |TS  0|AC  0|TAMS 0x00000000c3f00000, 0x00000000c3f00000|
|  60|0x00000000c4000000, 0x00000000c4000000, 0x00000000c4100000|  0%| F|  |TS  0|AC  0|TAMS 0x00000000c4000000, 0x00000000c4000000|
|  61|0x00000000c4100000, 0x00000000c4100000, 0x00000000c4200000|  0%| F|  |TS  0|AC  0|TAMS 0x00000000c4100000, 0x00000000c4100000|
|  62|0x00000000c4200000, 0x00000000c42d7920, 0x00000000c4300000| 84%| E|  |TS  0|AC  0|TAMS 0x00000000c4200000, 0x00000000c4200000|
|  63|0x00000000c4300000, 0x00000000c4400000, 0x00000000c4400000|100%| E|CS|TS  0|AC  0|TAMS 0x00000000c4300000, 0x00000000c4300000|

Card table byte_map: [0x000000001d2e0000,0x000000001d4e0000] byte_map_base: 0x000000001ccde000

Marking Bits (Prev, Next): (CMBitMap*) 0x0000000000478db0, (CMBitMap*) 0x0000000000478de8
 Prev Bits: [0x000000001d6e0000, 0x000000001e6d0000)
 Next Bits: [0x000000001e6d0000, 0x000000001f6c0000)

Polling page: 0x0000000000120000

CodeHeap 'non-profiled nmethods': size=120064Kb used=62Kb max_used=62Kb free=120001Kb
 bounds [0x0000000014680000, 0x00000000148f0000, 0x000000001bbc0000]
CodeHeap 'profiled nmethods': size=120000Kb used=271Kb max_used=271Kb free=119728Kb
 bounds [0x000000000d150000, 0x000000000d3c0000, 0x0000000014680000]
CodeHeap 'non-nmethods': size=5696Kb used=1170Kb max_used=1178Kb free=4525Kb
 bounds [0x000000000cbc0000, 0x000000000ce30000, 0x000000000d150000]
 total_blobs=582 nmethods=214 adapters=223
 compilation: enabled

Compilation events (10 events):
Event: 0.548 Thread 0x00000000227a0800  211       3       jdk.internal.org.objectweb.asm.ByteVector::putShort (52 bytes)
Event: 0.549 Thread 0x00000000227a0800 nmethod 211 0x000000000d191090 code [0x000000000d191260, 0x000000000d1914c8]
Event: 0.549 Thread 0x00000000227a0800  207       3       java.lang.invoke.MethodType::makeImpl (66 bytes)
Event: 0.550 Thread 0x00000000227a0800 nmethod 207 0x000000000d191610 code [0x000000000d191860, 0x000000000d1921c8]
Event: 0.550 Thread 0x00000000227a0800  213       3       jdk.internal.org.objectweb.asm.Item::<init> (66 bytes)
Event: 0.550 Thread 0x00000000227a0800 nmethod 213 0x000000000d192490 code [0x000000000d192640, 0x000000000d192950]
Event: 0.550 Thread 0x00000000227a0800  214       3       jdk.internal.org.objectweb.asm.ClassWriter::put (152 bytes)
Event: 0.551 Thread 0x00000000227a0800 nmethod 214 0x000000000d192a10 code [0x000000000d192c40, 0x000000000d1934d0]
Event: 0.551 Thread 0x00000000227a0800  208       3       java.lang.invoke.LambdaForm$BasicType::basicType (19 bytes)
Event: 0.552 Thread 0x00000000227a0800 nmethod 208 0x000000000d193790 code [0x000000000d193960, 0x000000000d193cf8]

GC Heap History (0 events):
No events

Deoptimization events (0 events):
No events

Classes redefined (4 events):
Event: 198.455 Thread 0x0000000021ec5800 redefined class name=Main, count=1
Event: 1027.568 Thread 0x0000000021ec5800 redefined class name=Main, count=2
Event: 1027.568 Thread 0x0000000021ec5800 redefined class name=ShoppingCenter, count=1
Event: 1215.700 Thread 0x0000000021ec5800 redefined class name=Main, count=3

Internal exceptions (1 events):
Event: 0.544 Thread 0x0000000000418000 Exception <a 'java/lang/NoSuchMethodError'{0x00000000c42c8f90}: java.lang.invoke.DirectMethodHandle$Holder.invokeInterface(Ljava/lang/Object;Ljava/lang/Object;Ljava/lang/Object;)I> (0x00000000c42c8f90) thrown at [t:/workspace/hotspot/src/share/vm/interpre

Events (10 events):
Event: 1284.114 Executing VM operation: ChangeBreakpoints
Event: 1284.114 Executing VM operation: ChangeBreakpoints done
Event: 1547.459 Executing VM operation: ForceSafepoint
Event: 1547.459 Executing VM operation: ForceSafepoint done
Event: 1547.469 Executing VM operation: ChangeBreakpoints
Event: 1547.469 Executing VM operation: ChangeBreakpoints done
Event: 1547.469 Thread 0x0000000023886000 Thread exited: 0x0000000023886000
Event: 1547.469 Executing VM operation: ChangeBreakpoints
Event: 1547.469 Executing VM operation: ChangeBreakpoints done
Event: 1547.470 Thread 0x0000000023882800 Thread exited: 0x0000000023882800


Dynamic libraries:
0x000000013f140000 - 0x000000013f17e000 	C:\Program Files\Java\jdk-9.0.4\bin\java.exe
0x0000000077530000 - 0x00000000776d9000 	C:\Windows\SYSTEM32\ntdll.dll
0x000007fef2660000 - 0x000007fef2694000 	C:\Program Files (x86)\AVG\Antivirus\x64\aswhooka.dll
0x0000000077310000 - 0x000000007742f000 	C:\Windows\system32\kernel32.dll
0x000007fefd7c0000 - 0x000007fefd82b000 	C:\Windows\system32\KERNELBASE.dll
0x000007feff140000 - 0x000007feff21b000 	C:\Windows\system32\ADVAPI32.dll
0x000007fefed10000 - 0x000007fefedaf000 	C:\Windows\system32\msvcrt.dll
0x000007feff300000 - 0x000007feff31f000 	C:\Windows\SYSTEM32\sechost.dll
0x000007fefda50000 - 0x000007fefdb7d000 	C:\Windows\system32\RPCRT4.dll
0x0000000077430000 - 0x000000007752a000 	C:\Windows\system32\USER32.dll
0x000007fefeca0000 - 0x000007fefed07000 	C:\Windows\system32\GDI32.dll
0x000007fefd850000 - 0x000007fefd85e000 	C:\Windows\system32\LPK.dll
0x000007fefd8e0000 - 0x000007fefd9a9000 	C:\Windows\system32\USP10.dll
0x000007fefbc70000 - 0x000007fefbe64000 	C:\Windows\WinSxS\amd64_microsoft.windows.common-controls_6595b64144ccf1df_6.0.7601.17514_none_fa396087175ac9ac\COMCTL32.dll
0x000007fefee60000 - 0x000007fefeed1000 	C:\Windows\system32\SHLWAPI.dll
0x000007fefc5c0000 - 0x000007fefc5cc000 	C:\Windows\system32\VERSION.dll
0x000007fefde30000 - 0x000007fefde5e000 	C:\Windows\system32\IMM32.DLL
0x000007feff320000 - 0x000007feff429000 	C:\Windows\system32\MSCTF.dll
0x000007fef7e90000 - 0x000007fef7f7f000 	C:\Program Files\Java\jdk-9.0.4\bin\msvcr120.dll
0x000007fef8060000 - 0x000007fef8106000 	C:\Program Files\Java\jdk-9.0.4\bin\msvcp120.dll
0x00000000618a0000 - 0x00000000622c5000 	C:\Program Files\Java\jdk-9.0.4\bin\server\jvm.dll
0x000007fef8790000 - 0x000007fef8799000 	C:\Windows\system32\WSOCK32.dll
0x000007fefee10000 - 0x000007fefee5d000 	C:\Windows\system32\WS2_32.dll
0x000007fefde60000 - 0x000007fefde68000 	C:\Windows\system32\NSI.dll
0x000007fefad00000 - 0x000007fefad3b000 	C:\Windows\system32\WINMM.dll
0x00000000776f0000 - 0x00000000776f7000 	C:\Windows\system32\PSAPI.DLL
0x000007fefbc40000 - 0x000007fefbc4f000 	C:\Program Files\Java\jdk-9.0.4\bin\verify.dll
0x000007fef81f0000 - 0x000007fef8217000 	C:\Program Files\Java\jdk-9.0.4\bin\java.dll
0x000007fef8020000 - 0x000007fef8056000 	C:\Program Files\Java\jdk-9.0.4\bin\jdwp.dll
0x000007fefa300000 - 0x000007fefa316000 	C:\Program Files\Java\jdk-9.0.4\bin\zip.dll
0x000007fef8730000 - 0x000007fef873a000 	C:\Program Files\Java\jdk-9.0.4\bin\jimage.dll
0x000007fefde70000 - 0x000007fefebf8000 	C:\Windows\system32\SHELL32.dll
0x000007feff630000 - 0x000007feff833000 	C:\Windows\system32\ole32.dll
0x000007fefd480000 - 0x000007fefd48f000 	C:\Windows\system32\profapi.dll
0x000007fef85f0000 - 0x000007fef860a000 	C:\Program Files\Java\jdk-9.0.4\bin\net.dll
0x000007fef6c90000 - 0x000007fef6d01000 	C:\Windows\system32\WINHTTP.dll
0x000007fef6c20000 - 0x000007fef6c84000 	C:\Windows\system32\webio.dll
0x000007fefccf0000 - 0x000007fefcd45000 	C:\Windows\system32\mswsock.dll
0x000007fefcce0000 - 0x000007fefcce7000 	C:\Windows\System32\wship6.dll
0x000007fef81d0000 - 0x000007fef81e1000 	C:\Program Files\Java\jdk-9.0.4\bin\nio.dll
0x000007fef8700000 - 0x000007fef870a000 	C:\Program Files\Java\jdk-9.0.4\bin\dt_socket.dll
0x000007fefc690000 - 0x000007fefc697000 	C:\Windows\System32\wshtcpip.dll
0x000007fef8b40000 - 0x000007fef8c65000 	C:\Windows\system32\dbghelp.dll

VM Arguments:
jvm_args: -agentlib:jdwp=transport=dt_socket,address=127.0.0.1:49259,suspend=y,server=n -Dfile.encoding=UTF-8 
java_command: Main
java_class_path (initial): C:\Users\Adam\IdeaProjects\shopilingusGithub\out\production\shopilingusGithub;C:\Program Files\JetBrains\IntelliJ IDEA 2017.3.3\lib\idea_rt.jar
Launcher Type: SUN_STANDARD

Logging:
Log output configuration:
#0: stdout all=warning uptime,level,tags
#1: stderr all=off uptime,level,tags

Environment Variables:
CLASSPATH=.;C:\Program Files (x86)\QuickTime\QTSystem\QTJava.zip
PATH=C:\ProgramData\Oracle\Java\javapath;C:\Program Files (x86)\NVIDIA Corporation\PhysX\Common;C:\Windows\system32;C:\Windows;C:\Windows\System32\Wbem;C:\Windows\System32\WindowsPowerShell\v1.0\;C:\Program Files (x86)\Toshiba\Bluetooth Toshiba Stack\sys\;C:\Program Files (x86)\Toshiba\Bluetooth Toshiba Stack\sys\x64\;C:\Program Files (x86)\Skype\Phone\;C:\Program Files (x86)\QuickTime\QTSystem\;C:\Program Files (x86)\Brackets\command;C:\Program Files\nodejs\;C:\Program Files\Git\cmd;C:\Users\Adam\AppData\Roaming\npm
USERNAME=Adam
OS=Windows_NT
PROCESSOR_IDENTIFIER=Intel64 Family 6 Model 42 Stepping 7, GenuineIntel



---------------  S Y S T E M  ---------------

OS: Windows 7 , 64 bit Build 7601 (6.1.7601.17514)

CPU:total 4 (initial active 4) (2 cores per cpu, 2 threads per core) family 6 model 42 stepping 7, cmov, cx8, fxsr, mmx, sse, sse2, sse3, ssse3, sse4.1, sse4.2, popcnt, avx, clmul, ht, tsc, tscinvbit

Memory: 4k page, physical 4175728k(976404k free), swap 8349612k(3816056k free)

vm_info: Java HotSpot(TM) 64-Bit Server VM (9.0.4+11) for windows-amd64 JRE (9.0.4+11), built on Dec 20 2017 02:18:54 by "mach5one" with MS VC++ 12.0 (VS2013)

END.
